<?xml version="1.0" encoding="UTF-8"?>
<testng-results skipped="0" failed="0" total="1" passed="1">
  <reporter-output>
  </reporter-output>
  <suite name="Default suite" duration-ms="17060" started-at="2020-02-20T04:48:48Z" finished-at="2020-02-20T04:49:05Z">
    <groups>
    </groups>
    <test name="Default test" duration-ms="17060" started-at="2020-02-20T04:48:48Z" finished-at="2020-02-20T04:49:05Z">
      <class name="Testcase.linkedin_signin_testcase">
        <test-method status="PASS" signature="startUp()[pri:0, instance:Testcase.linkedin_signin_testcase@6b71769e]" name="startUp" is-config="true" duration-ms="11110" started-at="2020-02-20T10:18:48Z" finished-at="2020-02-20T10:18:59Z">
          <reporter-output>
          </reporter-output>
        </test-method> <!-- startUp -->
        <test-method status="PASS" signature="signin()[pri:0, instance:Testcase.linkedin_signin_testcase@6b71769e]" name="signin" duration-ms="1717" started-at="2020-02-20T10:18:59Z" finished-at="2020-02-20T10:19:01Z">
          <reporter-output>
          </reporter-output>
        </test-method> <!-- signin -->
        <test-method status="PASS" signature="closeapp()[pri:0, instance:Testcase.linkedin_signin_testcase@6b71769e]" name="closeapp" is-config="true" duration-ms="4187" started-at="2020-02-20T10:19:01Z" finished-at="2020-02-20T10:19:05Z">
          <reporter-output>
          </reporter-output>
        </test-method> <!-- closeapp -->
      </class> <!-- Testcase.linkedin_signin_testcase -->
    </test> <!-- Default test -->
  </suite> <!-- Default suite -->
</testng-results>
